10/04 00:16:55 Found 1 scenarios with 21 total spatial outputs.
10/04 00:19:45 processed_output\spatial\Age_2010
10/04 00:19:45 processed_output\spatial\Age_2015
10/04 00:19:45 processed_output\spatial\Age_2020
10/04 00:19:45 processed_output\spatial\Age_2011
10/04 00:19:45 processed_output\spatial\Age_2014
10/04 00:19:45 processed_output\spatial\Age_2013
10/04 00:19:45 processed_output\spatial\Age_2019
10/04 00:19:45 processed_output\spatial\Age_2012
10/04 00:20:22 processed_output\spatial\Age_2017
10/04 00:20:22 processed_output\spatial\Age_2018
10/04 00:22:42 processed_output\spatial\AG_Biomass_C_2020
10/04 00:22:42 processed_output\spatial\AG_Biomass_C_2012
10/04 00:22:42 processed_output\spatial\AG_Biomass_C_2011
10/04 00:22:42 processed_output\spatial\AG_Biomass_C_2010
10/04 00:22:42 processed_output\spatial\AG_Biomass_C_2015
10/04 00:22:42 processed_output\spatial\AG_Biomass_C_2019
10/04 00:22:42 processed_output\spatial\AG_Biomass_C_2014
10/04 00:22:42 processed_output\spatial\AG_Biomass_C_2013
10/04 00:23:40 processed_output\spatial\AG_Biomass_C_2017
10/04 00:23:40 processed_output\spatial\AG_Biomass_C_2016
10/04 00:23:40 processed_output\spatial\AG_Biomass_C_2018
10/04 00:25:39 processed_output\spatial\Bio_To_DOM_From_Disturbances_2012
10/04 00:25:39 processed_output\spatial\Bio_To_DOM_From_Disturbances_2011
10/04 00:25:39 processed_output\spatial\Bio_To_DOM_From_Disturbances_2010
10/04 00:25:39 processed_output\spatial\Bio_To_DOM_From_Disturbances_2019
10/04 00:25:39 processed_output\spatial\Bio_To_DOM_From_Disturbances_2020
10/04 00:25:40 processed_output\spatial\Bio_To_DOM_From_Disturbances_2014
10/04 00:25:40 processed_output\spatial\Bio_To_DOM_From_Disturbances_2015
10/04 00:25:40 processed_output\spatial\Bio_To_DOM_From_Disturbances_2013
10/04 00:26:33 processed_output\spatial\Bio_To_DOM_From_Disturbances_2018
10/04 00:26:33 processed_output\spatial\Bio_To_DOM_From_Disturbances_2017
10/04 00:28:33 processed_output\spatial\Dead_Organic_Matter_C_2010
10/04 00:28:33 processed_output\spatial\Dead_Organic_Matter_C_2019
10/04 00:28:33 processed_output\spatial\Dead_Organic_Matter_C_2011
10/04 00:28:33 processed_output\spatial\Dead_Organic_Matter_C_2012
10/04 00:28:33 processed_output\spatial\Dead_Organic_Matter_C_2020
10/04 00:28:39 processed_output\spatial\Dead_Organic_Matter_C_2014
10/04 00:28:39 processed_output\spatial\Dead_Organic_Matter_C_2015
10/04 00:28:39 processed_output\spatial\Dead_Organic_Matter_C_2013
10/04 00:29:33 processed_output\spatial\Dead_Organic_Matter_C_2018
10/04 00:29:33 processed_output\spatial\Dead_Organic_Matter_C_2017
10/04 00:31:28 processed_output\spatial\Decomp_Releases_2019
10/04 00:31:28 processed_output\spatial\Decomp_Releases_2010
10/04 00:31:30 processed_output\spatial\Decomp_Releases_2020
10/04 00:31:30 processed_output\spatial\Decomp_Releases_2011
10/04 00:31:30 processed_output\spatial\Decomp_Releases_2012
10/04 00:31:35 processed_output\spatial\Decomp_Releases_2013
10/04 00:31:35 processed_output\spatial\Decomp_Releases_2015
10/04 00:31:35 processed_output\spatial\Decomp_Releases_2014
10/04 00:32:06 processed_output\spatial\Decomp_Releases_2017
10/04 00:32:06 processed_output\spatial\Decomp_Releases_2016
10/04 00:32:15 processed_output\spatial\Decomp_Releases_2018
10/04 00:34:56 processed_output\spatial\Delta_Total_Biomass_2019
10/04 00:34:56 processed_output\spatial\Delta_Total_Biomass_2010
10/04 00:34:57 processed_output\spatial\Delta_Total_Biomass_2015
10/04 00:34:57 processed_output\spatial\Delta_Total_Biomass_2011
10/04 00:34:57 processed_output\spatial\Delta_Total_Biomass_2013
10/04 00:34:57 processed_output\spatial\Delta_Total_Biomass_2014
10/04 00:34:57 processed_output\spatial\Delta_Total_Biomass_2020
10/04 00:34:57 processed_output\spatial\Delta_Total_Biomass_2012
10/04 00:35:45 processed_output\spatial\Delta_Total_Biomass_2016
10/04 00:35:45 processed_output\spatial\Delta_Total_Biomass_2017
10/04 00:35:52 processed_output\spatial\Delta_Total_Biomass_2018
10/04 00:38:20 processed_output\spatial\Delta_Total_DOM_2012
10/04 00:38:20 processed_output\spatial\Delta_Total_DOM_2013
10/04 00:38:20 processed_output\spatial\Delta_Total_DOM_2015
10/04 00:38:20 processed_output\spatial\Delta_Total_DOM_2020
10/04 00:38:20 processed_output\spatial\Delta_Total_DOM_2010
10/04 00:38:20 processed_output\spatial\Delta_Total_DOM_2014
10/04 00:38:20 processed_output\spatial\Delta_Total_DOM_2019
10/04 00:38:20 processed_output\spatial\Delta_Total_DOM_2011
10/04 00:39:28 processed_output\spatial\Delta_Total_DOM_2016
10/04 00:39:28 processed_output\spatial\Delta_Total_DOM_2017
10/04 00:41:42 processed_output\spatial\Delta_Total_Ecosystem_2019
10/04 00:41:42 processed_output\spatial\Delta_Total_Ecosystem_2012
10/04 00:41:42 processed_output\spatial\Delta_Total_Ecosystem_2020
10/04 00:41:42 processed_output\spatial\Delta_Total_Ecosystem_2011
10/04 00:41:42 processed_output\spatial\Delta_Total_Ecosystem_2010
10/04 00:41:44 processed_output\spatial\Delta_Total_Ecosystem_2014
10/04 00:41:44 processed_output\spatial\Delta_Total_Ecosystem_2015
10/04 00:41:44 processed_output\spatial\Delta_Total_Ecosystem_2013
10/04 00:42:51 processed_output\spatial\Delta_Total_Ecosystem_2018
10/04 00:42:51 processed_output\spatial\Delta_Total_Ecosystem_2016
10/04 00:45:05 processed_output\spatial\Ecosystem_Removals_2020
10/04 00:45:05 processed_output\spatial\Ecosystem_Removals_2011
10/04 00:45:05 processed_output\spatial\Ecosystem_Removals_2010
10/04 00:45:05 processed_output\spatial\Ecosystem_Removals_2019
10/04 00:45:05 processed_output\spatial\Ecosystem_Removals_2012
10/04 00:45:07 processed_output\spatial\Ecosystem_Removals_2013
10/04 00:45:07 processed_output\spatial\Ecosystem_Removals_2015
10/04 00:45:07 processed_output\spatial\Ecosystem_Removals_2014
10/04 00:46:13 processed_output\spatial\Ecosystem_Removals_2018
10/04 00:48:21 processed_output\spatial\NBP_2010
10/04 00:48:21 processed_output\spatial\NBP_2019
10/04 00:48:22 processed_output\spatial\NBP_2020
10/04 00:48:22 processed_output\spatial\NBP_2012
10/04 00:48:22 processed_output\spatial\NBP_2011
10/04 00:48:26 processed_output\spatial\NBP_2013
10/04 00:48:26 processed_output\spatial\NBP_2014
10/04 00:48:26 processed_output\spatial\NBP_2015
10/04 00:49:14 processed_output\spatial\NBP_2016
10/04 00:49:14 processed_output\spatial\NBP_2017
10/04 00:49:19 processed_output\spatial\NBP_2018
10/04 00:51:39 processed_output\spatial\NEP_2010
10/04 00:51:39 processed_output\spatial\NEP_2019
10/04 00:51:41 processed_output\spatial\NEP_2020
10/04 00:51:41 processed_output\spatial\NEP_2012
10/04 00:51:41 processed_output\spatial\NEP_2011
10/04 00:51:43 processed_output\spatial\NEP_2013
10/04 00:51:43 processed_output\spatial\NEP_2014
10/04 00:51:43 processed_output\spatial\NEP_2015
10/04 00:52:23 processed_output\spatial\NEP_2016
10/04 00:52:25 processed_output\spatial\NEP_2017
10/04 00:52:31 processed_output\spatial\NEP_2018
10/04 00:55:01 processed_output\spatial\NPP_2010
10/04 00:55:01 processed_output\spatial\NPP_2020
10/04 00:55:01 processed_output\spatial\NPP_2013
10/04 00:55:01 processed_output\spatial\NPP_2011
10/04 00:55:01 processed_output\spatial\NPP_2014
10/04 00:55:01 processed_output\spatial\NPP_2015
10/04 00:55:01 processed_output\spatial\NPP_2019
10/04 00:55:01 processed_output\spatial\NPP_2012
10/04 00:56:09 processed_output\spatial\NPP_2016
10/04 00:56:09 processed_output\spatial\NPP_2017
10/04 00:58:21 processed_output\spatial\Soil_C_2012
10/04 00:58:21 processed_output\spatial\Soil_C_2010
10/04 00:58:21 processed_output\spatial\Soil_C_2020
10/04 00:58:21 processed_output\spatial\Soil_C_2019
10/04 00:58:21 processed_output\spatial\Soil_C_2011
10/04 00:58:23 processed_output\spatial\Soil_C_2013
10/04 00:58:23 processed_output\spatial\Soil_C_2015
10/04 00:58:23 processed_output\spatial\Soil_C_2014
10/04 00:59:19 processed_output\spatial\Soil_C_2016
10/04 00:59:19 processed_output\spatial\Soil_C_2017
10/04 01:01:14 processed_output\spatial\Total_Biomass_C_2019
10/04 01:01:14 processed_output\spatial\Total_Biomass_C_2020
10/04 01:01:14 processed_output\spatial\Total_Biomass_C_2012
10/04 01:01:14 processed_output\spatial\Total_Biomass_C_2010
10/04 01:01:14 processed_output\spatial\Total_Biomass_C_2011
10/04 01:01:19 processed_output\spatial\Total_Biomass_C_2015
10/04 01:01:19 processed_output\spatial\Total_Biomass_C_2013
10/04 01:01:19 processed_output\spatial\Total_Biomass_C_2014
10/04 01:02:12 processed_output\spatial\Total_Biomass_C_2016
10/04 01:02:12 processed_output\spatial\Total_Biomass_C_2017
10/04 01:04:11 processed_output\spatial\Total_Biomass_Emissions_2010
10/04 01:04:11 processed_output\spatial\Total_Biomass_Emissions_2019
10/04 01:04:15 processed_output\spatial\Total_Biomass_Emissions_2011
10/04 01:04:15 processed_output\spatial\Total_Biomass_Emissions_2012
10/04 01:04:15 processed_output\spatial\Total_Biomass_Emissions_2020
10/04 01:04:17 processed_output\spatial\Total_Biomass_Emissions_2013
10/04 01:04:17 processed_output\spatial\Total_Biomass_Emissions_2014
10/04 01:04:17 processed_output\spatial\Total_Biomass_Emissions_2015
10/04 01:05:11 processed_output\spatial\Total_Biomass_Emissions_2017
10/04 01:05:11 processed_output\spatial\Total_Biomass_Emissions_2016
10/04 01:07:05 processed_output\spatial\Total_CH4_Emissions_2019
10/04 01:07:05 processed_output\spatial\Total_CH4_Emissions_2010
10/04 01:07:07 processed_output\spatial\Total_CH4_Emissions_2012
10/04 01:07:07 processed_output\spatial\Total_CH4_Emissions_2020
10/04 01:07:07 processed_output\spatial\Total_CH4_Emissions_2011
10/04 01:07:14 processed_output\spatial\Total_CH4_Emissions_2013
10/04 01:07:14 processed_output\spatial\Total_CH4_Emissions_2014
10/04 01:07:14 processed_output\spatial\Total_CH4_Emissions_2015
10/04 01:07:53 processed_output\spatial\Total_CH4_Emissions_2018
10/04 01:07:53 processed_output\spatial\Total_CH4_Emissions_2017
10/04 01:10:00 processed_output\spatial\Total_CO2_Emissions_2019
10/04 01:10:00 processed_output\spatial\Total_CO2_Emissions_2010
10/04 01:10:04 processed_output\spatial\Total_CO2_Emissions_2011
10/04 01:10:04 processed_output\spatial\Total_CO2_Emissions_2012
10/04 01:10:04 processed_output\spatial\Total_CO2_Emissions_2020
10/04 01:10:08 processed_output\spatial\Total_CO2_Emissions_2013
10/04 01:10:08 processed_output\spatial\Total_CO2_Emissions_2015
10/04 01:10:08 processed_output\spatial\Total_CO2_Emissions_2014
10/04 01:10:26 processed_output\spatial\Total_CO2_Emissions_2016
10/04 01:10:26 processed_output\spatial\Total_CO2_Emissions_2017
10/04 01:10:39 processed_output\spatial\Total_CO2_Emissions_2018
10/04 01:13:21 processed_output\spatial\Total_CO_Emissions_2011
10/04 01:13:21 processed_output\spatial\Total_CO_Emissions_2012
10/04 01:13:21 processed_output\spatial\Total_CO_Emissions_2019
10/04 01:13:21 processed_output\spatial\Total_CO_Emissions_2015
10/04 01:13:21 processed_output\spatial\Total_CO_Emissions_2014
10/04 01:13:21 processed_output\spatial\Total_CO_Emissions_2010
10/04 01:13:21 processed_output\spatial\Total_CO_Emissions_2020
10/04 01:13:21 processed_output\spatial\Total_CO_Emissions_2013
10/04 01:14:21 processed_output\spatial\Total_CO_Emissions_2017
10/04 01:14:21 processed_output\spatial\Total_CO_Emissions_2018
10/04 01:16:28 processed_output\spatial\Total_DOM_Emissions_2011
10/04 01:16:28 processed_output\spatial\Total_DOM_Emissions_2019
10/04 01:16:28 processed_output\spatial\Total_DOM_Emissions_2010
10/04 01:16:28 processed_output\spatial\Total_DOM_Emissions_2012
10/04 01:16:28 processed_output\spatial\Total_DOM_Emissions_2020
10/04 01:16:34 processed_output\spatial\Total_DOM_Emissions_2014
10/04 01:16:34 processed_output\spatial\Total_DOM_Emissions_2013
10/04 01:16:34 processed_output\spatial\Total_DOM_Emissions_2015
10/04 01:17:37 processed_output\spatial\Total_DOM_Emissions_2016
10/04 01:17:37 processed_output\spatial\Total_DOM_Emissions_2017
10/04 01:17:37 processed_output\spatial\Total_DOM_Emissions_2018
10/04 01:19:39 processed_output\spatial\Total_Ecosystem_C_2019
10/04 01:19:39 processed_output\spatial\Total_Ecosystem_C_2010
10/04 01:19:41 processed_output\spatial\Total_Ecosystem_C_2012
10/04 01:19:42 processed_output\spatial\Total_Ecosystem_C_2011
10/04 01:19:42 processed_output\spatial\Total_Ecosystem_C_2020
10/04 01:19:48 processed_output\spatial\Total_Ecosystem_C_2013
10/04 01:19:48 processed_output\spatial\Total_Ecosystem_C_2014
10/04 01:19:48 processed_output\spatial\Total_Ecosystem_C_2015
10/04 01:20:18 processed_output\spatial\Total_Ecosystem_C_2016
10/04 01:20:19 processed_output\spatial\Total_Ecosystem_C_2017
10/04 01:20:27 processed_output\spatial\Total_Ecosystem_C_2018
10/04 01:22:43 processed_output\spatial\Total_Emissions_2010
10/04 01:22:43 processed_output\spatial\Total_Emissions_2019
10/04 01:22:45 processed_output\spatial\Total_Emissions_2020
10/04 01:22:45 processed_output\spatial\Total_Emissions_2011
10/04 01:22:45 processed_output\spatial\Total_Emissions_2012
10/04 01:22:45 processed_output\spatial\Total_Emissions_2015
10/04 01:22:45 processed_output\spatial\Total_Emissions_2013
10/04 01:22:45 processed_output\spatial\Total_Emissions_2014
10/04 01:22:58 processed_output\spatial\Total_Emissions_2017
10/04 01:22:58 processed_output\spatial\Total_Emissions_2016
10/04 01:22:59 processed_output\spatial\Total_Emissions_2018
10/04 01:22:59 Done
